/usr/local/bin/bochs -f bochs.txt -q -unlock
00000000000i[      ] LTDL_LIBRARY_PATH not set. using compile time default '/usr/local/Cellar/bochs/2.7/lib/bochs/plugins'
========================================================================
                        Bochs x86 Emulator 2.7
              Built from SVN snapshot on August  1, 2021
                Timestamp: Sun Aug  1 10:07:00 CEST 2021
========================================================================
00000000000i[      ] BXSHARE not set. using compile time default '/usr/local/Cellar/bochs/2.7/share/bochs'
00000000000i[      ] lt_dlhandle is 0x7feb8c60fd50
00000000000i[PLUGIN] loaded plugin libbx_serial.so
00000000000i[      ] lt_dlhandle is 0x7feb8c612fc0
00000000000i[PLUGIN] loaded plugin libbx_speaker.so
00000000000i[      ] lt_dlhandle is 0x7feb8c613790
00000000000i[PLUGIN] loaded plugin libbx_unmapped.so
00000000000i[      ] lt_dlhandle is 0x7feb8c72c520
00000000000i[PLUGIN] loaded plugin libbx_parallel.so
00000000000i[      ] lt_dlhandle is 0x7feb8c50c7d0
00000000000i[PLUGIN] loaded plugin libbx_biosdev.so
00000000000i[      ] lt_dlhandle is 0x7feb8c50cdd0
00000000000i[PLUGIN] loaded plugin libbx_iodebug.so
00000000000i[      ] lt_dlhandle is 0x7feb8c412df0
00000000000i[PLUGIN] loaded plugin libbx_extfpuirq.so
00000000000i[      ] reading configuration from bochs.txt
00000000000i[      ] Stopping on magic break points
00000000000i[      ] lt_dlhandle is 0x7feb8c60e950
00000000000i[PLUGIN] loaded plugin libbx_textconfig.so
00000000000i[      ] lt_dlhandle is 0x7feb8c6137f0
00000000000i[PLUGIN] loaded plugin libbx_sdl2_gui.so
00000000000i[      ] installing sdl2 module as the Bochs GUI
00000000000i[SDL2  ] maximum host resolution: x=2560 y=1600
00000000000i[      ] Bochs x86 Emulator 2.7
00000000000i[      ]   Built from SVN snapshot on August  1, 2021
00000000000i[      ]   Timestamp: Sun Aug  1 10:07:00 CEST 2021
00000000000i[      ] System configuration
00000000000i[      ]   processors: 1 (cores=1, HT threads=1)
00000000000i[      ]   A20 line support: yes
00000000000i[      ] IPS is set to 10000000
00000000000i[      ] CPU configuration
00000000000i[      ]   SMP support: no
00000000000i[      ]   Using pre-defined CPU configuration: corei7_skylake_x
00000000000i[      ] Optimization configuration
00000000000i[      ]   RepeatSpeedups support: yes
00000000000i[      ]   Fast function calls: yes
00000000000i[      ]   Handlers Chaining speedups: no
00000000000i[      ] Devices configuration
00000000000i[      ]   PCI support: i440FX i430FX i440BX
00000000000i[      ]   Networking: no
00000000000i[      ]   Sound support: no
00000000000i[      ]   USB support: UHCI
00000000000i[      ]   VGA extension support: vbe cirrus
00000000000i[IMG   ] Disk image modules
00000000000i[IMG   ]   flat concat sparse dll growing undoable volatile vmware3
00000000000i[IMG   ]   vbox vvfat vpc vmware4
00000000000i[USBCTL] Pluggable USB devices
00000000000i[USBCTL]   disk cdrom mouse tablet keypad keyboard hub floppy
00000000000i[USBCTL]   printer
00000000000i[MEM0  ] allocated memory at 0x7feb6c400000. after alignment, vector=0x7feb6c400000
00000000000i[MEM0  ] 256.00MB
00000000000i[MEM0  ] mem block size = 0x00020000, blocks=2048
00000000000i[MEM0  ] rom at 0xfffe0000/131072 ('/usr/local/Cellar/bochs/2.7/share/bochs/BIOS-bochs-latest')
00000000000i[CPU0  ] WARNING: RDRAND would not produce true random numbers !
00000000000i[CPU0  ] WARNING: RDSEED would not produce true random numbers !
00000000000i[DEV   ] will paste characters every 100 iodev timer ticks
00000000000i[      ] lt_dlhandle is 0x7feb7cf80be0
00000000000i[PLUGIN] loaded plugin libbx_pci.so
00000000000i[      ] lt_dlhandle is 0x7feb7d07e100
00000000000i[PLUGIN] loaded plugin libbx_pci2isa.so
00000000000i[      ] lt_dlhandle is 0x7feb7cf81220
00000000000i[PLUGIN] loaded plugin libbx_usb_uhci.so
00000000000i[      ] lt_dlhandle is 0x7feb7cf82f00
00000000000i[PLUGIN] loaded plugin libbx_acpi.so
00000000000i[      ] lt_dlhandle is 0x7feb7cf83420
00000000000i[PLUGIN] loaded plugin libbx_hpet.so
00000000000i[      ] lt_dlhandle is 0x7feb7d07e190
00000000000i[PLUGIN] loaded plugin libbx_cmos.so
00000000000i[      ] lt_dlhandle is 0x7feb8c4df8c0
00000000000i[PLUGIN] loaded plugin libbx_dma.so
00000000000i[      ] lt_dlhandle is 0x7feb8c4dfd40
00000000000i[PLUGIN] loaded plugin libbx_pic.so
00000000000i[      ] lt_dlhandle is 0x7feb8c4e0220
00000000000i[PLUGIN] loaded plugin libbx_pit.so
00000000000i[      ] lt_dlhandle is 0x7feb8c4e0690
00000000000i[PLUGIN] loaded plugin libbx_vga.so
00000000000i[      ] lt_dlhandle is 0x7feb7d07e5e0
00000000000i[PLUGIN] loaded plugin libbx_floppy.so
00000000000i[      ] lt_dlhandle is 0x7feb7d122af0
00000000000i[PLUGIN] loaded plugin libbx_ioapic.so
00000000000i[      ] lt_dlhandle is 0x7feb7d122f20
00000000000i[PLUGIN] loaded plugin libbx_keyboard.so
00000000000i[      ] lt_dlhandle is 0x7feb7d07edb0
00000000000i[PLUGIN] loaded plugin libbx_harddrv.so
00000000000i[      ] lt_dlhandle is 0x7feb8c4e08e0
00000000000i[PLUGIN] loaded plugin libbx_pci_ide.so
00000000000i[PLUGIN] init_dev of 'pci' plugin device by virtual method
00000000000i[DEV   ] i440FX PMC present at device 0, function 0
00000000000i[PLUGIN] init_dev of 'pci2isa' plugin device by virtual method
00000000000i[DEV   ] PIIX3 PCI-to-ISA bridge present at device 1, function 0
00000000000i[PLUGIN] init_dev of 'cmos' plugin device by virtual method
00000000000i[CMOS  ] Using local time for initial clock
00000000000i[CMOS  ] Setting initial clock to: Thu Dec  8 16:30:04 2022 (time0=1670513404)
00000000000i[PLUGIN] init_dev of 'dma' plugin device by virtual method
00000000000i[DMA   ] channel 4 used by cascade
00000000000i[PLUGIN] init_dev of 'pic' plugin device by virtual method
00000000000i[PLUGIN] init_dev of 'pit' plugin device by virtual method
00000000000i[PLUGIN] init_dev of 'vga' plugin device by virtual method
00000000000i[MEM0  ] Register memory access handlers: 0x0000000a0000 - 0x0000000bffff
00000000000i[VGA   ] interval=500000, mode=realtime
00000000000i[VGA   ] VSYNC using standard mode
00000000000i[MEM0  ] Register memory access handlers: 0x0000e0000000 - 0x0000e0ffffff
00000000000i[BXVGA ] VBE Bochs Display Extension Enabled
00000000000i[SDL2  ] disabled host keyboard repeat
00000000000i[MEM0  ] rom at 0xc0000/38400 ('/usr/local/Cellar/bochs/2.7/share/bochs/VGABIOS-lgpl-latest')
00000000000i[PLUGIN] init_dev of 'floppy' plugin device by virtual method
00000000000i[DMA   ] channel 2 used by Floppy Drive
00000000000i[FLOPPY] Using boot sequence cdrom, none, none
00000000000i[FLOPPY] Floppy boot signature check is enabled
00000000000i[PLUGIN] init_dev of 'acpi' plugin device by virtual method
00000000000i[DEV   ] ACPI Controller present at device 1, function 3
00000000000i[PLUGIN] init_dev of 'hpet' plugin device by virtual method
00000000000i[HPET  ] initializing HPET
00000000000i[MEM0  ] Register memory access handlers: 0x0000fed00000 - 0x0000fed003ff
00000000000i[PLUGIN] init_dev of 'ioapic' plugin device by virtual method
00000000000i[IOAPIC] initializing I/O APIC
00000000000i[MEM0  ] Register memory access handlers: 0x0000fec00000 - 0x0000fec00fff
00000000000i[IOAPIC] IOAPIC enabled (base address = 0xfec00000)
00000000000i[PLUGIN] init_dev of 'keyboard' plugin device by virtual method
00000000000i[PLUGIN] init_dev of 'harddrv' plugin device by virtual method
00000000000i[HD    ] CD on ata1-0: 'cdrom.iso'
00000000000i[CD1   ] load cdrom with path=cdrom.iso
00000000000i[CD1   ] Opening image file as a cd.
00000000000i[HD    ] Media present in CD-ROM drive
00000000000i[HD    ] Capacity is 897 sectors (1.75 MB)
00000000000i[PLUGIN] init_dev of 'pci_ide' plugin device by virtual method
00000000000i[DEV   ] PIIX3 PCI IDE controller present at device 1, function 1
00000000000i[PLUGIN] init_dev of 'serial' plugin device by virtual method
00000000000e[DEV   ] IO device address conflict(read) at IO address 3FCh
00000000000e[DEV   ]   conflicting devices: ATA0 & Serial Port 1
00000000000e[DEV   ] IO device address conflict(write) at IO address 3FCh
00000000000e[DEV   ]   conflicting devices: ATA0 & Serial Port 1
00000000000e[DEV   ] IO device address conflict(read) at IO address 3FDh
00000000000e[DEV   ]   conflicting devices: ATA0 & Serial Port 1
00000000000e[DEV   ] IO device address conflict(write) at IO address 3FDh
00000000000e[DEV   ]   conflicting devices: ATA0 & Serial Port 1
00000000000i[SER   ] com1 at 0x03f8 irq 4 (mode: null)
00000000000i[PLUGIN] init_dev of 'speaker' plugin device by virtual method
00000000000i[PCSPK ] Forwarding beep to gui
00000000000i[PLUGIN] init_dev of 'unmapped' plugin device by virtual method
00000000000i[PLUGIN] init_dev of 'parallel' plugin device by virtual method
00000000000i[PAR   ] parallel port 1 at 0x0378 irq 7
00000000000i[PLUGIN] init_dev of 'biosdev' plugin device by virtual method
00000000000i[PLUGIN] init_dev of 'iodebug' plugin device by virtual method
00000000000i[PLUGIN] init_dev of 'extfpuirq' plugin device by virtual method
00000000000i[PLUGIN] init_dev of 'usb_uhci' plugin device by virtual method
00000000000i[DEV   ] USB UHCI present at device 1, function 2
00000000000i[UHCI  ] USB UHCI initialized
00000000000i[PLUGIN] register state of 'pci' plugin device by virtual method
00000000000i[PLUGIN] register state of 'pci2isa' plugin device by virtual method
00000000000i[PLUGIN] register state of 'cmos' plugin device by virtual method
00000000000i[PLUGIN] register state of 'dma' plugin device by virtual method
00000000000i[PLUGIN] register state of 'pic' plugin device by virtual method
00000000000i[PLUGIN] register state of 'pit' plugin device by virtual method
00000000000i[PLUGIN] register state of 'vga' plugin device by virtual method
00000000000i[PLUGIN] register state of 'floppy' plugin device by virtual method
00000000000i[PLUGIN] register state of 'serial' plugin device by virtual method
00000000000i[PLUGIN] register state of 'speaker' plugin device by virtual method
00000000000i[PLUGIN] register state of 'unmapped' plugin device by virtual method
00000000000i[PLUGIN] register state of 'parallel' plugin device by virtual method
00000000000i[PLUGIN] register state of 'biosdev' plugin device by virtual method
00000000000i[PLUGIN] register state of 'iodebug' plugin device by virtual method
00000000000i[PLUGIN] register state of 'extfpuirq' plugin device by virtual method
00000000000i[PLUGIN] register state of 'usb_uhci' plugin device by virtual method
00000000000i[PLUGIN] register state of 'acpi' plugin device by virtual method
00000000000i[PLUGIN] register state of 'hpet' plugin device by virtual method
00000000000i[PLUGIN] register state of 'ioapic' plugin device by virtual method
00000000000i[PLUGIN] register state of 'keyboard' plugin device by virtual method
00000000000i[PLUGIN] register state of 'harddrv' plugin device by virtual method
00000000000i[PLUGIN] register state of 'pci_ide' plugin device by virtual method
00000000000i[SYS   ] bx_pc_system_c::Reset(HARDWARE) called
00000000000i[CPU0  ] cpu hardware reset
00000000000i[APIC0 ] allocate APIC id=0 (MMIO enabled) to 0x0000fee00000
00000000000i[CPU0  ] CPUID[0x00000000]: 00000016 756e6547 6c65746e 49656e69
00000000000i[CPU0  ] CPUID[0x00000001]: 00050654 00010800 77faf3bf afebfbff
00000000000i[CPU0  ] CPUID[0x00000002]: 76036301 00f0b5ff 00000000 00c30000
00000000000i[CPU0  ] CPUID[0x00000003]: 00000000 00000000 00000000 00000000
00000000000i[CPU0  ] CPUID[0x00000004]: 1c004121 01c0003f 0000003f 00000000
00000000000i[CPU0  ] CPUID[0x00000005]: 00000040 00000040 00000003 00002020
00000000000i[CPU0  ] CPUID[0x00000006]: 00000075 00000002 00000009 00000000
00000000000i[CPU0  ] CPUID[0x00000007]: 00000000 d19f27eb 00000000 00000000
00000000000i[CPU0  ] CPUID[0x00000008]: 00000000 00000000 00000000 00000000
00000000000i[CPU0  ] CPUID[0x00000009]: 00000000 00000000 00000000 00000000
00000000000i[CPU0  ] WARNING: Architectural Performance Monitoring is not implemented
00000000000i[CPU0  ] CPUID[0x0000000a]: 07300404 00000000 00000000 00000603
00000000000i[CPU0  ] CPUID[0x0000000b]: 00000000 00000000 00000000 00000000
00000000000i[CPU0  ] CPUID[0x0000000c]: 00000000 00000000 00000000 00000000
00000000000i[CPU0  ] CPUID[0x0000000d]: 000000e7 00000240 00000a80 00000000
00000000000i[CPU0  ] CPUID[0x0000000e]: 00000000 00000000 00000000 00000000
00000000000i[CPU0  ] CPUID[0x0000000f]: 00000000 00000000 00000000 00000000
00000000000i[CPU0  ] CPUID[0x00000010]: 00000000 00000000 00000000 00000000
00000000000i[CPU0  ] CPUID[0x00000011]: 00000000 00000000 00000000 00000000
00000000000i[CPU0  ] CPUID[0x00000012]: 00000000 00000000 00000000 00000000
00000000000i[CPU0  ] CPUID[0x00000013]: 00000000 00000000 00000000 00000000
00000000000i[CPU0  ] CPUID[0x00000014]: 00000000 00000000 00000000 00000000
00000000000i[CPU0  ] CPUID[0x00000015]: 00000002 00000124 00000000 00000000
00000000000i[CPU0  ] CPUID[0x00000016]: 00000dac 00000fa0 00000064 00000000
00000000000i[CPU0  ] CPUID[0x80000000]: 80000008 00000000 00000000 00000000
00000000000i[CPU0  ] CPUID[0x80000001]: 00000000 00000000 00000121 2c100000
00000000000i[CPU0  ] CPUID[0x80000002]: 65746e49 2952286c 726f4320 4d542865
00000000000i[CPU0  ] CPUID[0x80000003]: 37692029 3038372d 43205830 40205550
00000000000i[CPU0  ] CPUID[0x80000004]: 352e3320 7a484730 00000000 00000000
00000000000i[CPU0  ] CPUID[0x80000005]: 00000000 00000000 00000000 00000000
00000000000i[CPU0  ] CPUID[0x80000006]: 00000000 00000000 01006040 00000000
00000000000i[CPU0  ] CPUID[0x80000007]: 00000000 00000000 00000000 00000100
00000000000i[CPU0  ] CPUID[0x80000008]: 00003028 00000000 00000000 00000000
00000000000i[CPU0  ] CPU Features supported:
00000000000i[CPU0  ] 		x87
00000000000i[CPU0  ] 		486ni
00000000000i[CPU0  ] 		pentium_ni
00000000000i[CPU0  ] 		p6ni
00000000000i[CPU0  ] 		mmx
00000000000i[CPU0  ] 		debugext
00000000000i[CPU0  ] 		vme
00000000000i[CPU0  ] 		pse
00000000000i[CPU0  ] 		pae
00000000000i[CPU0  ] 		pge
00000000000i[CPU0  ] 		pse36
00000000000i[CPU0  ] 		mtrr
00000000000i[CPU0  ] 		pat
00000000000i[CPU0  ] 		sysenter_sysexit
00000000000i[CPU0  ] 		clflush
00000000000i[CPU0  ] 		clflushopt
00000000000i[CPU0  ] 		clwb
00000000000i[CPU0  ] 		sse
00000000000i[CPU0  ] 		sse2
00000000000i[CPU0  ] 		sse3
00000000000i[CPU0  ] 		ssse3
00000000000i[CPU0  ] 		sse4_1
00000000000i[CPU0  ] 		sse4_2
00000000000i[CPU0  ] 		popcnt
00000000000i[CPU0  ] 		mwait
00000000000i[CPU0  ] 		vmx
00000000000i[CPU0  ] 		longmode
00000000000i[CPU0  ] 		lm_lahf_sahf
00000000000i[CPU0  ] 		nx
00000000000i[CPU0  ] 		1g_pages
00000000000i[CPU0  ] 		cmpxhg16b
00000000000i[CPU0  ] 		rdtscp
00000000000i[CPU0  ] 		xsave
00000000000i[CPU0  ] 		xsaveopt
00000000000i[CPU0  ] 		xsavec
00000000000i[CPU0  ] 		xsaves
00000000000i[CPU0  ] 		aes_pclmulqdq
00000000000i[CPU0  ] 		movbe
00000000000i[CPU0  ] 		fsgsbase
00000000000i[CPU0  ] 		invpcid
00000000000i[CPU0  ] 		avx
00000000000i[CPU0  ] 		avx2
00000000000i[CPU0  ] 		avx_f16c
00000000000i[CPU0  ] 		avx_fma
00000000000i[CPU0  ] 		lzcnt
00000000000i[CPU0  ] 		bmi1
00000000000i[CPU0  ] 		bmi2
00000000000i[CPU0  ] 		rdrand
00000000000i[CPU0  ] 		adx
00000000000i[CPU0  ] 		smap
00000000000i[CPU0  ] 		rdseed
00000000000i[CPU0  ] 		avx512
00000000000i[CPU0  ] 		avx512cd
00000000000i[CPU0  ] 		avx512dq
00000000000i[CPU0  ] 		avx512bw
00000000000i[CPU0  ] 		avx512vl
00000000000i[CPU0  ] 		xapic
00000000000i[CPU0  ] 		x2apic
00000000000i[CPU0  ] 		pcid
00000000000i[CPU0  ] 		smep
00000000000i[CPU0  ] 		tsc_adjust
00000000000i[CPU0  ] 		tsc_deadline
00000000000i[CPU0  ] 		fcs_fds_deprecation
00000000000i[CPU0  ] 		fdp_deprecation
00000000000i[PLUGIN] reset of 'pci' plugin device by virtual method
00000000000i[PLUGIN] reset of 'pci2isa' plugin device by virtual method
00000000000i[PLUGIN] reset of 'cmos' plugin device by virtual method
00000000000i[PLUGIN] reset of 'dma' plugin device by virtual method
00000000000i[PLUGIN] reset of 'pic' plugin device by virtual method
00000000000i[PLUGIN] reset of 'pit' plugin device by virtual method
00000000000i[PLUGIN] reset of 'vga' plugin device by virtual method
00000000000i[PLUGIN] reset of 'floppy' plugin device by virtual method
00000000000i[PLUGIN] reset of 'acpi' plugin device by virtual method
00000000000i[PLUGIN] reset of 'hpet' plugin device by virtual method
00000000000i[PLUGIN] reset of 'ioapic' plugin device by virtual method
00000000000i[PLUGIN] reset of 'keyboard' plugin device by virtual method
00000000000i[PLUGIN] reset of 'harddrv' plugin device by virtual method
00000000000i[PLUGIN] reset of 'pci_ide' plugin device by virtual method
00000000000i[PLUGIN] reset of 'serial' plugin device by virtual method
00000000000i[PLUGIN] reset of 'speaker' plugin device by virtual method
00000000000i[PLUGIN] reset of 'unmapped' plugin device by virtual method
00000000000i[PLUGIN] reset of 'parallel' plugin device by virtual method
00000000000i[PLUGIN] reset of 'biosdev' plugin device by virtual method
00000000000i[PLUGIN] reset of 'iodebug' plugin device by virtual method
00000000000i[PLUGIN] reset of 'extfpuirq' plugin device by virtual method
00000000000i[PLUGIN] reset of 'usb_uhci' plugin device by virtual method
00000000000i[      ] set SIGINT handler to bx_debug_ctrlc_handler
Next at t=0
(0) [0x0000fffffff0] f000:fff0 (unk. ctxt): jmpf 0xf000:e05b          ; ea5be000f0
<bochs:1> c
00000004662i[BIOS  ] $Revision: 14314 $ $Date: 2021-07-14 18:10:19 +0200 (Wed, 14 Jul 2021) $
00000320070i[KBD   ] reset-disable command received
00000325816i[BIOS  ] Starting rombios32
00000326254i[BIOS  ] Shutdown flag 0
00000326862i[BIOS  ] ram_size=0x10000000
00000327317i[BIOS  ] ram_end=256MB
00000427504i[BIOS  ] Found 1 cpu(s)
00000441157i[BIOS  ] bios_table_addr: 0x000f9d98 end=0x000fcc00
00000768973i[PCI   ] i440FX PMC write to PAM register 59 (TLB Flush)
00001096908i[P2ISA ] PCI IRQ routing: PIRQA# set to 0x0b
00001096932i[P2ISA ] PCI IRQ routing: PIRQB# set to 0x09
00001096956i[P2ISA ] PCI IRQ routing: PIRQC# set to 0x0b
00001096980i[P2ISA ] PCI IRQ routing: PIRQD# set to 0x09
00001096990i[P2ISA ] write: ELCR2 = 0x0a
00001097759i[BIOS  ] PIIX3/PIIX4 init: elcr=00 0a
00001111435i[BIOS  ] PCI: bus=0 devfn=0x00: vendor_id=0x8086 device_id=0x1237 class=0x0600
00001113779i[BIOS  ] PCI: bus=0 devfn=0x08: vendor_id=0x8086 device_id=0x7000 class=0x0601
00001115962i[BIOS  ] PCI: bus=0 devfn=0x09: vendor_id=0x8086 device_id=0x7010 class=0x0101
00001116197i[PIDE  ] BAR #4: i/o base address = 0xc000
00001116813i[BIOS  ] region 4: 0x0000c000
00001118848i[BIOS  ] PCI: bus=0 devfn=0x0a: vendor_id=0x8086 device_id=0x7020 class=0x0c03
00001119061i[UHCI  ] BAR #4: i/o base address = 0xc020
00001119677i[BIOS  ] region 4: 0x0000c020
00001119805i[UHCI  ] new IRQ line = 9
00001121727i[BIOS  ] PCI: bus=0 devfn=0x0b: vendor_id=0x8086 device_id=0x7113 class=0x0680
00001122003i[ACPI  ] new IRQ line = 11
00001122017i[ACPI  ] new IRQ line = 9
00001122045i[ACPI  ] new PM base address: 0xb000
00001122059i[ACPI  ] new SM base address: 0xb100
00001122087i[PCI   ] setting SMRAM control register to 0x4a
00001286222i[CPU0  ] Enter to System Management Mode
00001286222i[CPU0  ] enter_system_management_mode: temporary disable VMX while in SMM mode
00001286232i[CPU0  ] RSM: Resuming from System Management Mode
00001450288i[PCI   ] setting SMRAM control register to 0x0a
00001476953i[BIOS  ] MP table addr=0x000f9e70 MPC table addr=0x000f9da0 size=0xc8
00001478660i[BIOS  ] SMBIOS table addr=0x000f9e80
00001480749i[BIOS  ] ACPI tables: RSDP addr=0x000f9fa0 ACPI DATA addr=0x0fff0000 size=0xff8
00001483733i[BIOS  ] Firmware waking vector 0xfff00cc
00001485987i[PCI   ] i440FX PMC write to PAM register 59 (TLB Flush)
00001486717i[BIOS  ] bios_table_cur_addr: 0x000f9fc4
00001604837i[VBIOS ] VGABios $Id: vgabios.c 288 2021-05-28 19:05:28Z vruppert $
00001604908i[BXVGA ] VBE known Display Interface b0c0
00001604940i[BXVGA ] VBE known Display Interface b0c5
00001607583i[VBIOS ] VBE Bios $Id: vbe.c 292 2021-06-03 12:24:22Z vruppert $
00005262390i[BIOS  ] IDE time out
00035981151i[BIOS  ] Booting from 07c0:0000
00035991767i[BXVGA ] VBE set bpp (16)
00035991786i[BXVGA ] VBE set xres (1024)
00035991805i[BXVGA ] VBE set yres (768)
00035991893i[BXVGA ] VBE enabling x 1024, y 768, bpp 16, 1572864 bytes visible
00035995044i[CPU0  ] [35995044] Stopped on MAGIC BREAKPOINT
(0) Magic breakpoint
Next at t=35995044
(0) [0x000000007d6b] 0010:0000000000007d6b (unk. ctxt): call .+656  (0x00008000)  ; e890020000
<bochs:2> trace on
Tracing enabled for CPU0
<bochs:3> c
(0).[35995044] [0x000000007d6b] 0010:0000000000007d6b (unk. ctxt): call .+656  (0x00008000)  ; e890020000
(0).[35995045] [0x000000008000] 0010:0000000000008000 (unk. ctxt): call .+16379  (0x0000c000) ; e8fb3f0000
(0).[35995046] [0x00000000c000] 0010:000000000000c000 (unk. ctxt): push rbp                  ; 55
(0).[35995047] [0x00000000c001] 0010:000000000000c001 (unk. ctxt): mov rbp, rsp              ; 4889e5
(0).[35995048] [0x00000000c004] 0010:000000000000c004 (unk. ctxt): sub rsp, 0x0000000000000020 ; 4883ec20
(0).[35995049] [0x00000000c008] 0010:000000000000c008 (unk. ctxt): call .-14669  (0x000086c0) ; e8b3c6ffff
(0).[35995050] [0x0000000086c0] 0010:00000000000086c0 (unk. ctxt): mov qword ptr ds:[rip+32823], 0x0000000000010710 ; 48c7053780000010070100
(0).[35995051] [0x0000000086cb] 0010:00000000000086cb (unk. ctxt): mov eax, 0x00000fff       ; b8ff0f0000
(0).[35995052] [0x0000000086d0] 0010:00000000000086d0 (unk. ctxt): mov word ptr ds:[rip+32809], ax ; 66890529800000
(0).[35995053] [0x0000000086d7] 0010:00000000000086d7 (unk. ctxt): mov eax, 0x00000011       ; b811000000
(0).[35995054] [0x0000000086dc] 0010:00000000000086dc (unk. ctxt): out 0x20, al              ; e620
(0).[35995055] [0x0000000086de] 0010:00000000000086de (unk. ctxt): out 0xa0, al              ; e6a0
(0).[35995056] [0x0000000086e0] 0010:00000000000086e0 (unk. ctxt): mov eax, 0x00000020       ; b820000000
(0).[35995057] [0x0000000086e5] 0010:00000000000086e5 (unk. ctxt): out 0x21, al              ; e621
(0).[35995058] [0x0000000086e7] 0010:00000000000086e7 (unk. ctxt): mov eax, 0x00000028       ; b828000000
(0).[35995059] [0x0000000086ec] 0010:00000000000086ec (unk. ctxt): out 0xa1, al              ; e6a1
(0).[35995060] [0x0000000086ee] 0010:00000000000086ee (unk. ctxt): mov eax, 0x00000004       ; b804000000
(0).[35995061] [0x0000000086f3] 0010:00000000000086f3 (unk. ctxt): out 0x21, al              ; e621
(0).[35995062] [0x0000000086f5] 0010:00000000000086f5 (unk. ctxt): mov eax, 0x00000002       ; b802000000
(0).[35995063] [0x0000000086fa] 0010:00000000000086fa (unk. ctxt): out 0xa1, al              ; e6a1
(0).[35995064] [0x0000000086fc] 0010:00000000000086fc (unk. ctxt): mov eax, 0x00000001       ; b801000000
(0).[35995065] [0x000000008701] 0010:0000000000008701 (unk. ctxt): out 0x21, al              ; e621
(0).[35995066] [0x000000008703] 0010:0000000000008703 (unk. ctxt): out 0xa1, al              ; e6a1
(0).[35995067] [0x000000008705] 0010:0000000000008705 (unk. ctxt): xor eax, eax              ; 31c0
(0).[35995068] [0x000000008707] 0010:0000000000008707 (unk. ctxt): out 0x21, al              ; e621
(0).[35995069] [0x000000008709] 0010:0000000000008709 (unk. ctxt): out 0xa1, al              ; e6a1
(0).[35995070] [0x00000000870b] 0010:000000000000870b (unk. ctxt): mov dword ptr ds:[rip+32765], 0x8e000010 ; c705fd7f00001000008e
(0).[35995071] [0x000000008715] 0010:0000000000008715 (unk. ctxt): mov eax, 0x000082e0       ; b8e0820000
(0).[35995072] [0x00000000871a] 0010:000000000000871a (unk. ctxt): mov word ptr ds:[rip+32751], ax ; 668905ef7f0000
(0).[35995073] [0x000000008721] 0010:0000000000008721 (unk. ctxt): mov rdx, rax              ; 4889c2
(0).[35995074] [0x000000008724] 0010:0000000000008724 (unk. ctxt): shr rax, 0x20             ; 48c1e820
(0).[35995075] [0x000000008728] 0010:0000000000008728 (unk. ctxt): shr rdx, 0x10             ; 48c1ea10
(0).[35995076] [0x00000000872c] 0010:000000000000872c (unk. ctxt): mov dword ptr ds:[rip+32742], eax ; 8905e67f0000
(0).[35995077] [0x000000008732] 0010:0000000000008732 (unk. ctxt): mov eax, 0x000082f5       ; b8f5820000
(0).[35995078] [0x000000008737] 0010:0000000000008737 (unk. ctxt): mov word ptr ds:[rip+32728], dx ; 668915d87f0000
(0).[35995079] [0x00000000873e] 0010:000000000000873e (unk. ctxt): mov rdx, rax              ; 4889c2
(0).[35995080] [0x000000008741] 0010:0000000000008741 (unk. ctxt): mov word ptr ds:[rip+32728], ax ; 668905d87f0000
(0).[35995081] [0x000000008748] 0010:0000000000008748 (unk. ctxt): shr rax, 0x20             ; 48c1e820
(0).[35995082] [0x00000000874c] 0010:000000000000874c (unk. ctxt): shr rdx, 0x10             ; 48c1ea10
(0).[35995083] [0x000000008750] 0010:0000000000008750 (unk. ctxt): mov dword ptr ds:[rip+32722], eax ; 8905d27f0000
(0).[35995084] [0x000000008756] 0010:0000000000008756 (unk. ctxt): mov eax, 0x0000830a       ; b80a830000
(0).[35995085] [0x00000000875b] 0010:000000000000875b (unk. ctxt): mov word ptr ds:[rip+32708], dx ; 668915c47f0000
(0).[35995086] [0x000000008762] 0010:0000000000008762 (unk. ctxt): mov rdx, rax              ; 4889c2
(0).[35995087] [0x000000008765] 0010:0000000000008765 (unk. ctxt): mov word ptr ds:[rip+32708], ax ; 668905c47f0000
(0).[35995088] [0x00000000876c] 0010:000000000000876c (unk. ctxt): shr rax, 0x20             ; 48c1e820
(0).[35995089] [0x000000008770] 0010:0000000000008770 (unk. ctxt): shr rdx, 0x10             ; 48c1ea10
(0).[35995090] [0x000000008774] 0010:0000000000008774 (unk. ctxt): mov dword ptr ds:[rip+32702], eax ; 8905be7f0000
(0).[35995091] [0x00000000877a] 0010:000000000000877a (unk. ctxt): mov eax, 0x0000831f       ; b81f830000
(0).[35995092] [0x00000000877f] 0010:000000000000877f (unk. ctxt): mov word ptr ds:[rip+32688], dx ; 668915b07f0000
(0).[35995093] [0x000000008786] 0010:0000000000008786 (unk. ctxt): mov rdx, rax              ; 4889c2
(0).[35995094] [0x000000008789] 0010:0000000000008789 (unk. ctxt): mov word ptr ds:[rip+32688], ax ; 668905b07f0000
(0).[35995095] [0x000000008790] 0010:0000000000008790 (unk. ctxt): shr rax, 0x20             ; 48c1e820
(0).[35995096] [0x000000008794] 0010:0000000000008794 (unk. ctxt): shr rdx, 0x10             ; 48c1ea10
(0).[35995097] [0x000000008798] 0010:0000000000008798 (unk. ctxt): mov dword ptr ds:[rip+32682], eax ; 8905aa7f0000
(0).[35995098] [0x00000000879e] 0010:000000000000879e (unk. ctxt): mov eax, 0x00008334       ; b834830000
(0).[35995099] [0x0000000087a3] 0010:00000000000087a3 (unk. ctxt): mov word ptr ds:[rip+32668], dx ; 6689159c7f0000
(0).[35995100] [0x0000000087aa] 0010:00000000000087aa (unk. ctxt): mov rdx, rax              ; 4889c2
(0).[35995101] [0x0000000087ad] 0010:00000000000087ad (unk. ctxt): mov word ptr ds:[rip+32668], ax ; 6689059c7f0000
(0).[35995102] [0x0000000087b4] 0010:00000000000087b4 (unk. ctxt): shr rax, 0x20             ; 48c1e820
(0).[35995103] [0x0000000087b8] 0010:00000000000087b8 (unk. ctxt): shr rdx, 0x10             ; 48c1ea10
(0).[35995104] [0x0000000087bc] 0010:00000000000087bc (unk. ctxt): mov dword ptr ds:[rip+32662], eax ; 8905967f0000
(0).[35995105] [0x0000000087c2] 0010:00000000000087c2 (unk. ctxt): mov eax, 0x00008349       ; b849830000
(0).[35995106] [0x0000000087c7] 0010:00000000000087c7 (unk. ctxt): mov word ptr ds:[rip+32648], dx ; 668915887f0000
(0).[35995107] [0x0000000087ce] 0010:00000000000087ce (unk. ctxt): mov rdx, rax              ; 4889c2
(0).[35995108] [0x0000000087d1] 0010:00000000000087d1 (unk. ctxt): mov word ptr ds:[rip+32648], ax ; 668905887f0000
(0).[35995109] [0x0000000087d8] 0010:00000000000087d8 (unk. ctxt): shr rax, 0x20             ; 48c1e820
(0).[35995110] [0x0000000087dc] 0010:00000000000087dc (unk. ctxt): shr rdx, 0x10             ; 48c1ea10
(0).[35995111] [0x0000000087e0] 0010:00000000000087e0 (unk. ctxt): mov dword ptr ds:[rip+32642], eax ; 8905827f0000
(0).[35995112] [0x0000000087e6] 0010:00000000000087e6 (unk. ctxt): mov eax, 0x0000835e       ; b85e830000
(0).[35995113] [0x0000000087eb] 0010:00000000000087eb (unk. ctxt): mov word ptr ds:[rip+32628], dx ; 668915747f0000
(0).[35995114] [0x0000000087f2] 0010:00000000000087f2 (unk. ctxt): mov rdx, rax              ; 4889c2
(0).[35995115] [0x0000000087f5] 0010:00000000000087f5 (unk. ctxt): shr rdx, 0x10             ; 48c1ea10
(0).[35995116] [0x0000000087f9] 0010:00000000000087f9 (unk. ctxt): mov word ptr ds:[rip+32624], ax ; 668905707f0000
(0).[35995117] [0x000000008800] 0010:0000000000008800 (unk. ctxt): shr rax, 0x20             ; 48c1e820
(0).[35995118] [0x000000008804] 0010:0000000000008804 (unk. ctxt): mov dword ptr ds:[rip+32526], 0x00000000 ; c7050e7f000000000000
(0).[35995119] [0x00000000880e] 0010:000000000000880e (unk. ctxt): mov dword ptr ds:[rip+32522], 0x8e000010 ; c7050a7f00001000008e
(0).[35995120] [0x000000008818] 0010:0000000000008818 (unk. ctxt): mov dword ptr ds:[rip+32522], 0x00000000 ; c7050a7f000000000000
(0).[35995121] [0x000000008822] 0010:0000000000008822 (unk. ctxt): mov dword ptr ds:[rip+32518], 0x8e000010 ; c705067f00001000008e
(0).[35995122] [0x00000000882c] 0010:000000000000882c (unk. ctxt): mov dword ptr ds:[rip+32518], 0x00000000 ; c705067f000000000000
(0).[35995123] [0x000000008836] 0010:0000000000008836 (unk. ctxt): mov dword ptr ds:[rip+32514], 0x8e000010 ; c705027f00001000008e
(0).[35995124] [0x000000008840] 0010:0000000000008840 (unk. ctxt): mov dword ptr ds:[rip+32514], 0x00000000 ; c705027f000000000000
(0).[35995125] [0x00000000884a] 0010:000000000000884a (unk. ctxt): mov dword ptr ds:[rip+32510], 0x8e000010 ; c705fe7e00001000008e
(0).[35995126] [0x000000008854] 0010:0000000000008854 (unk. ctxt): mov dword ptr ds:[rip+32510], 0x00000000 ; c705fe7e000000000000
(0).[35995127] [0x00000000885e] 0010:000000000000885e (unk. ctxt): mov dword ptr ds:[rip+32506], 0x8e000010 ; c705fa7e00001000008e
(0).[35995128] [0x000000008868] 0010:0000000000008868 (unk. ctxt): mov dword ptr ds:[rip+32506], 0x00000000 ; c705fa7e000000000000
(0).[35995129] [0x000000008872] 0010:0000000000008872 (unk. ctxt): mov dword ptr ds:[rip+32502], 0x8e000010 ; c705f67e00001000008e
(0).[35995130] [0x00000000887c] 0010:000000000000887c (unk. ctxt): mov word ptr ds:[rip+32499], dx ; 668915f37e0000
(0).[35995131] [0x000000008883] 0010:0000000000008883 (unk. ctxt): mov dword ptr ds:[rip+32495], eax ; 8905ef7e0000
(0).[35995132] [0x000000008889] 0010:0000000000008889 (unk. ctxt): mov eax, 0x00008373       ; b873830000
(0).[35995133] [0x00000000888e] 0010:000000000000888e (unk. ctxt): mov word ptr ds:[rip+32491], ax ; 668905eb7e0000
(0).[35995134] [0x000000008895] 0010:0000000000008895 (unk. ctxt): mov rdx, rax              ; 4889c2
(0).[35995135] [0x000000008898] 0010:0000000000008898 (unk. ctxt): shr rax, 0x20             ; 48c1e820
(0).[35995136] [0x00000000889c] 0010:000000000000889c (unk. ctxt): shr rdx, 0x10             ; 48c1ea10
(0).[35995137] [0x0000000088a0] 0010:00000000000088a0 (unk. ctxt): mov dword ptr ds:[rip+32482], eax ; 8905e27e0000
(0).[35995138] [0x0000000088a6] 0010:00000000000088a6 (unk. ctxt): mov eax, 0x00008388       ; b888830000
(0).[35995139] [0x0000000088ab] 0010:00000000000088ab (unk. ctxt): mov word ptr ds:[rip+32468], dx ; 668915d47e0000
(0).[35995140] [0x0000000088b2] 0010:00000000000088b2 (unk. ctxt): mov rdx, rax              ; 4889c2
(0).[35995141] [0x0000000088b5] 0010:00000000000088b5 (unk. ctxt): mov word ptr ds:[rip+32468], ax ; 668905d47e0000
(0).[35995142] [0x0000000088bc] 0010:00000000000088bc (unk. ctxt): shr rax, 0x20             ; 48c1e820
(0).[35995143] [0x0000000088c0] 0010:00000000000088c0 (unk. ctxt): shr rdx, 0x10             ; 48c1ea10
(0).[35995144] [0x0000000088c4] 0010:00000000000088c4 (unk. ctxt): mov dword ptr ds:[rip+32462], eax ; 8905ce7e0000
(0).[35995145] [0x0000000088ca] 0010:00000000000088ca (unk. ctxt): mov eax, 0x0000839e       ; b89e830000
(0).[35995146] [0x0000000088cf] 0010:00000000000088cf (unk. ctxt): mov word ptr ds:[rip+32448], dx ; 668915c07e0000
(0).[35995147] [0x0000000088d6] 0010:00000000000088d6 (unk. ctxt): mov rdx, rax              ; 4889c2
(0).[35995148] [0x0000000088d9] 0010:00000000000088d9 (unk. ctxt): mov word ptr ds:[rip+32448], ax ; 668905c07e0000
(0).[35995149] [0x0000000088e0] 0010:00000000000088e0 (unk. ctxt): shr rax, 0x20             ; 48c1e820
(0).[35995150] [0x0000000088e4] 0010:00000000000088e4 (unk. ctxt): shr rdx, 0x10             ; 48c1ea10
(0).[35995151] [0x0000000088e8] 0010:00000000000088e8 (unk. ctxt): mov dword ptr ds:[rip+32442], eax ; 8905ba7e0000
(0).[35995152] [0x0000000088ee] 0010:00000000000088ee (unk. ctxt): mov eax, 0x000083b3       ; b8b3830000
(0).[35995153] [0x0000000088f3] 0010:00000000000088f3 (unk. ctxt): mov word ptr ds:[rip+32428], dx ; 668915ac7e0000
(0).[35995154] [0x0000000088fa] 0010:00000000000088fa (unk. ctxt): mov rdx, rax              ; 4889c2
(0).[35995155] [0x0000000088fd] 0010:00000000000088fd (unk. ctxt): mov word ptr ds:[rip+32428], ax ; 668905ac7e0000
(0).[35995156] [0x000000008904] 0010:0000000000008904 (unk. ctxt): shr rax, 0x20             ; 48c1e820
(0).[35995157] [0x000000008908] 0010:0000000000008908 (unk. ctxt): shr rdx, 0x10             ; 48c1ea10
(0).[35995158] [0x00000000890c] 0010:000000000000890c (unk. ctxt): mov dword ptr ds:[rip+32422], eax ; 8905a67e0000
(0).[35995159] [0x000000008912] 0010:0000000000008912 (unk. ctxt): mov eax, 0x000083c9       ; b8c9830000
(0).[35995160] [0x000000008917] 0010:0000000000008917 (unk. ctxt): mov word ptr ds:[rip+32408], dx ; 668915987e0000
(0).[35995161] [0x00000000891e] 0010:000000000000891e (unk. ctxt): mov rdx, rax              ; 4889c2
(0).[35995162] [0x000000008921] 0010:0000000000008921 (unk. ctxt): mov word ptr ds:[rip+32408], ax ; 668905987e0000
(0).[35995163] [0x000000008928] 0010:0000000000008928 (unk. ctxt): shr rax, 0x20             ; 48c1e820
(0).[35995164] [0x00000000892c] 0010:000000000000892c (unk. ctxt): shr rdx, 0x10             ; 48c1ea10
(0).[35995165] [0x000000008930] 0010:0000000000008930 (unk. ctxt): mov dword ptr ds:[rip+32402], eax ; 8905927e0000
(0).[35995166] [0x000000008936] 0010:0000000000008936 (unk. ctxt): mov eax, 0x000083df       ; b8df830000
(0).[35995167] [0x00000000893b] 0010:000000000000893b (unk. ctxt): mov word ptr ds:[rip+32388], dx ; 668915847e0000
(0).[35995168] [0x000000008942] 0010:0000000000008942 (unk. ctxt): mov rdx, rax              ; 4889c2
(0).[35995169] [0x000000008945] 0010:0000000000008945 (unk. ctxt): mov word ptr ds:[rip+32388], ax ; 668905847e0000
(0).[35995170] [0x00000000894c] 0010:000000000000894c (unk. ctxt): shr rax, 0x20             ; 48c1e820
(0).[35995171] [0x000000008950] 0010:0000000000008950 (unk. ctxt): shr rdx, 0x10             ; 48c1ea10
(0).[35995172] [0x000000008954] 0010:0000000000008954 (unk. ctxt): mov dword ptr ds:[rip+32382], eax ; 89057e7e0000
(0).[35995173] [0x00000000895a] 0010:000000000000895a (unk. ctxt): mov eax, 0x000083f5       ; b8f5830000
(0).[35995174] [0x00000000895f] 0010:000000000000895f (unk. ctxt): mov word ptr ds:[rip+32368], dx ; 668915707e0000
(0).[35995175] [0x000000008966] 0010:0000000000008966 (unk. ctxt): mov rdx, rax              ; 4889c2
(0).[35995176] [0x000000008969] 0010:0000000000008969 (unk. ctxt): mov dword ptr ds:[rip+32265], 0x00000000 ; c705097e000000000000
(0).[35995177] [0x000000008973] 0010:0000000000008973 (unk. ctxt): shr rdx, 0x10             ; 48c1ea10
(0).[35995178] [0x000000008977] 0010:0000000000008977 (unk. ctxt): mov dword ptr ds:[rip+32257], 0x8e000010 ; c705017e00001000008e
(0).[35995179] [0x000000008981] 0010:0000000000008981 (unk. ctxt): mov dword ptr ds:[rip+32257], 0x00000000 ; c705017e000000000000
(0).[35995180] [0x00000000898b] 0010:000000000000898b (unk. ctxt): mov dword ptr ds:[rip+32253], 0x8e000010 ; c705fd7d00001000008e
(0).[35995181] [0x000000008995] 0010:0000000000008995 (unk. ctxt): mov dword ptr ds:[rip+32253], 0x00000000 ; c705fd7d000000000000
(0).[35995182] [0x00000000899f] 0010:000000000000899f (unk. ctxt): mov dword ptr ds:[rip+32249], 0x8e000010 ; c705f97d00001000008e
(0).[35995183] [0x0000000089a9] 0010:00000000000089a9 (unk. ctxt): mov dword ptr ds:[rip+32249], 0x00000000 ; c705f97d000000000000
(0).[35995184] [0x0000000089b3] 0010:00000000000089b3 (unk. ctxt): mov dword ptr ds:[rip+32245], 0x8e000010 ; c705f57d00001000008e
(0).[35995185] [0x0000000089bd] 0010:00000000000089bd (unk. ctxt): mov dword ptr ds:[rip+32245], 0x00000000 ; c705f57d000000000000
(0).[35995186] [0x0000000089c7] 0010:00000000000089c7 (unk. ctxt): mov dword ptr ds:[rip+32241], 0x8e000010 ; c705f17d00001000008e
(0).[35995187] [0x0000000089d1] 0010:00000000000089d1 (unk. ctxt): mov dword ptr ds:[rip+32241], 0x00000000 ; c705f17d000000000000
(0).[35995188] [0x0000000089db] 0010:00000000000089db (unk. ctxt): mov dword ptr ds:[rip+32237], 0x8e000010 ; c705ed7d00001000008e
(0).[35995189] [0x0000000089e5] 0010:00000000000089e5 (unk. ctxt): mov dword ptr ds:[rip+32237], 0x00000000 ; c705ed7d000000000000
(0).[35995190] [0x0000000089ef] 0010:00000000000089ef (unk. ctxt): mov word ptr ds:[rip+32234], ax ; 668905ea7d0000
(0).[35995191] [0x0000000089f6] 0010:00000000000089f6 (unk. ctxt): shr rax, 0x20             ; 48c1e820
(0).[35995192] [0x0000000089fa] 0010:00000000000089fa (unk. ctxt): mov dword ptr ds:[rip+32232], eax ; 8905e87d0000
(0).[35995193] [0x000000008a00] 0010:0000000000008a00 (unk. ctxt): mov eax, 0x0000840b       ; b80b840000
(0).[35995194] [0x000000008a05] 0010:0000000000008a05 (unk. ctxt): mov word ptr ds:[rip+32218], dx ; 668915da7d0000
(0).[35995195] [0x000000008a0c] 0010:0000000000008a0c (unk. ctxt): mov rdx, rax              ; 4889c2
(0).[35995196] [0x000000008a0f] 0010:0000000000008a0f (unk. ctxt): mov word ptr ds:[rip+32218], ax ; 668905da7d0000
(0).[35995197] [0x000000008a16] 0010:0000000000008a16 (unk. ctxt): shr rax, 0x20             ; 48c1e820
(0).[35995198] [0x000000008a1a] 0010:0000000000008a1a (unk. ctxt): shr rdx, 0x10             ; 48c1ea10
(0).[35995199] [0x000000008a1e] 0010:0000000000008a1e (unk. ctxt): mov dword ptr ds:[rip+32212], eax ; 8905d47d0000
(0).[35995200] [0x000000008a24] 0010:0000000000008a24 (unk. ctxt): mov eax, 0x00008421       ; b821840000
(0).[35995201] [0x000000008a29] 0010:0000000000008a29 (unk. ctxt): mov word ptr ds:[rip+32198], dx ; 668915c67d0000
(0).[35995202] [0x000000008a30] 0010:0000000000008a30 (unk. ctxt): mov rdx, rax              ; 4889c2
(0).[35995203] [0x000000008a33] 0010:0000000000008a33 (unk. ctxt): mov word ptr ds:[rip+32198], ax ; 668905c67d0000
(0).[35995204] [0x000000008a3a] 0010:0000000000008a3a (unk. ctxt): shr rax, 0x20             ; 48c1e820
(0).[35995205] [0x000000008a3e] 0010:0000000000008a3e (unk. ctxt): shr rdx, 0x10             ; 48c1ea10
(0).[35995206] [0x000000008a42] 0010:0000000000008a42 (unk. ctxt): mov dword ptr ds:[rip+32192], eax ; 8905c07d0000
(0).[35995207] [0x000000008a48] 0010:0000000000008a48 (unk. ctxt): mov eax, 0x00008436       ; b836840000
(0).[35995208] [0x000000008a4d] 0010:0000000000008a4d (unk. ctxt): mov word ptr ds:[rip+32178], dx ; 668915b27d0000
(0).[35995209] [0x000000008a54] 0010:0000000000008a54 (unk. ctxt): mov rdx, rax              ; 4889c2
(0).[35995210] [0x000000008a57] 0010:0000000000008a57 (unk. ctxt): shr rdx, 0x10             ; 48c1ea10
(0).[35995211] [0x000000008a5b] 0010:0000000000008a5b (unk. ctxt): mov word ptr ds:[rip+32174], ax ; 668905ae7d0000
(0).[35995212] [0x000000008a62] 0010:0000000000008a62 (unk. ctxt): shr rax, 0x20             ; 48c1e820
(0).[35995213] [0x000000008a66] 0010:0000000000008a66 (unk. ctxt): mov dword ptr ds:[rip+32172], eax ; 8905ac7d0000
(0).[35995214] [0x000000008a6c] 0010:0000000000008a6c (unk. ctxt): mov eax, 0x0000844b       ; b84b840000
(0).[35995215] [0x000000008a71] 0010:0000000000008a71 (unk. ctxt): mov word ptr ds:[rip+32158], dx ; 6689159e7d0000
(0).[35995216] [0x000000008a78] 0010:0000000000008a78 (unk. ctxt): mov rdx, rax              ; 4889c2
(0).[35995217] [0x000000008a7b] 0010:0000000000008a7b (unk. ctxt): mov word ptr ds:[rip+32158], ax ; 6689059e7d0000
(0).[35995218] [0x000000008a82] 0010:0000000000008a82 (unk. ctxt): shr rax, 0x20             ; 48c1e820
(0).[35995219] [0x000000008a86] 0010:0000000000008a86 (unk. ctxt): shr rdx, 0x10             ; 48c1ea10
(0).[35995220] [0x000000008a8a] 0010:0000000000008a8a (unk. ctxt): mov dword ptr ds:[rip+32152], eax ; 8905987d0000
(0).[35995221] [0x000000008a90] 0010:0000000000008a90 (unk. ctxt): mov eax, 0x00008461       ; b861840000
(0).[35995222] [0x000000008a95] 0010:0000000000008a95 (unk. ctxt): mov word ptr ds:[rip+32138], dx ; 6689158a7d0000
(0).[35995223] [0x000000008a9c] 0010:0000000000008a9c (unk. ctxt): mov rdx, rax              ; 4889c2
(0).[35995224] [0x000000008a9f] 0010:0000000000008a9f (unk. ctxt): mov word ptr ds:[rip+32138], ax ; 6689058a7d0000
(0).[35995225] [0x000000008aa6] 0010:0000000000008aa6 (unk. ctxt): shr rax, 0x20             ; 48c1e820
(0).[35995226] [0x000000008aaa] 0010:0000000000008aaa (unk. ctxt): shr rdx, 0x10             ; 48c1ea10
(0).[35995227] [0x000000008aae] 0010:0000000000008aae (unk. ctxt): mov dword ptr ds:[rip+32132], eax ; 8905847d0000
(0).[35995228] [0x000000008ab4] 0010:0000000000008ab4 (unk. ctxt): mov eax, 0x00008476       ; b876840000
(0).[35995229] [0x000000008ab9] 0010:0000000000008ab9 (unk. ctxt): mov word ptr ds:[rip+32118], dx ; 668915767d0000
(0).[35995230] [0x000000008ac0] 0010:0000000000008ac0 (unk. ctxt): mov rdx, rax              ; 4889c2
(0).[35995231] [0x000000008ac3] 0010:0000000000008ac3 (unk. ctxt): shr rdx, 0x10             ; 48c1ea10
(0).[35995232] [0x000000008ac7] 0010:0000000000008ac7 (unk. ctxt): mov word ptr ds:[rip+32114], ax ; 668905727d0000
(0).[35995233] [0x000000008ace] 0010:0000000000008ace (unk. ctxt): shr rax, 0x20             ; 48c1e820
(0).[35995234] [0x000000008ad2] 0010:0000000000008ad2 (unk. ctxt): mov word ptr ds:[rip+32109], dx ; 6689156d7d0000
(0).[35995235] [0x000000008ad9] 0010:0000000000008ad9 (unk. ctxt): mov dword ptr ds:[rip+31999], 0x8e000010 ; c705ff7c00001000008e
(0).[35995236] [0x000000008ae3] 0010:0000000000008ae3 (unk. ctxt): mov dword ptr ds:[rip+31999], 0x00000000 ; c705ff7c000000000000
(0).[35995237] [0x000000008aed] 0010:0000000000008aed (unk. ctxt): mov dword ptr ds:[rip+31995], 0x8e000010 ; c705fb7c00001000008e
(0).[35995238] [0x000000008af7] 0010:0000000000008af7 (unk. ctxt): mov dword ptr ds:[rip+31995], 0x00000000 ; c705fb7c000000000000
(0).[35995239] [0x000000008b01] 0010:0000000000008b01 (unk. ctxt): mov dword ptr ds:[rip+31991], 0x8e000010 ; c705f77c00001000008e
(0).[35995240] [0x000000008b0b] 0010:0000000000008b0b (unk. ctxt): mov dword ptr ds:[rip+31991], 0x00000000 ; c705f77c000000000000
(0).[35995241] [0x000000008b15] 0010:0000000000008b15 (unk. ctxt): mov dword ptr ds:[rip+31987], 0x8e000010 ; c705f37c00001000008e
(0).[35995242] [0x000000008b1f] 0010:0000000000008b1f (unk. ctxt): mov dword ptr ds:[rip+31987], 0x00000000 ; c705f37c000000000000
(0).[35995243] [0x000000008b29] 0010:0000000000008b29 (unk. ctxt): mov dword ptr ds:[rip+31983], 0x8e000010 ; c705ef7c00001000008e
(0).[35995244] [0x000000008b33] 0010:0000000000008b33 (unk. ctxt): mov dword ptr ds:[rip+31983], 0x00000000 ; c705ef7c000000000000
(0).[35995245] [0x000000008b3d] 0010:0000000000008b3d (unk. ctxt): mov dword ptr ds:[rip+31979], 0x8e000010 ; c705eb7c00001000008e
(0).[35995246] [0x000000008b47] 0010:0000000000008b47 (unk. ctxt): mov dword ptr ds:[rip+31979], 0x00000000 ; c705eb7c000000000000
(0).[35995247] [0x000000008b51] 0010:0000000000008b51 (unk. ctxt): mov dword ptr ds:[rip+31975], 0x8e000010 ; c705e77c00001000008e
(0).[35995248] [0x000000008b5b] 0010:0000000000008b5b (unk. ctxt): mov dword ptr ds:[rip+31975], eax ; 8905e77c0000
(0).[35995249] [0x000000008b61] 0010:0000000000008b61 (unk. ctxt): mov eax, 0x0000848b       ; b88b840000
(0).[35995250] [0x000000008b66] 0010:0000000000008b66 (unk. ctxt): mov rdx, rax              ; 4889c2
(0).[35995251] [0x000000008b69] 0010:0000000000008b69 (unk. ctxt): mov word ptr ds:[rip+31968], ax ; 668905e07c0000
(0).[35995252] [0x000000008b70] 0010:0000000000008b70 (unk. ctxt): shr rax, 0x20             ; 48c1e820
(0).[35995253] [0x000000008b74] 0010:0000000000008b74 (unk. ctxt): shr rdx, 0x10             ; 48c1ea10
(0).[35995254] [0x000000008b78] 0010:0000000000008b78 (unk. ctxt): mov dword ptr ds:[rip+31962], eax ; 8905da7c0000
(0).[35995255] [0x000000008b7e] 0010:0000000000008b7e (unk. ctxt): mov eax, 0x000084a0       ; b8a0840000
(0).[35995256] [0x000000008b83] 0010:0000000000008b83 (unk. ctxt): mov word ptr ds:[rip+31948], dx ; 668915cc7c0000
(0).[35995257] [0x000000008b8a] 0010:0000000000008b8a (unk. ctxt): mov edx, 0x00000010       ; ba10000000
(0).[35995258] [0x000000008b8f] 0010:0000000000008b8f (unk. ctxt): mov word ptr ds:[rip+31948], dx ; 668915cc7c0000
(0).[35995259] [0x000000008b96] 0010:0000000000008b96 (unk. ctxt): movzx edx, word ptr ds:[rip+21987] ; 0fb715e3550000
(0).[35995260] [0x000000008b9d] 0010:0000000000008b9d (unk. ctxt): mov word ptr ds:[rip+31932], ax ; 668905bc7c0000
(0).[35995261] [0x000000008ba4] 0010:0000000000008ba4 (unk. ctxt): mov word ptr ds:[rip+31929], dx ; 668915b97c0000
(0).[35995262] [0x000000008bab] 0010:0000000000008bab (unk. ctxt): mov rdx, rax              ; 4889c2
(0).[35995263] [0x000000008bae] 0010:0000000000008bae (unk. ctxt): shr rax, 0x20             ; 48c1e820
(0).[35995264] [0x000000008bb2] 0010:0000000000008bb2 (unk. ctxt): shr rdx, 0x10             ; 48c1ea10
(0).[35995265] [0x000000008bb6] 0010:0000000000008bb6 (unk. ctxt): mov dword ptr ds:[rip+31916], eax ; 8905ac7c0000
(0).[35995266] [0x000000008bbc] 0010:0000000000008bbc (unk. ctxt): mov eax, 0x000084b5       ; b8b5840000
(0).[35995267] [0x000000008bc1] 0010:0000000000008bc1 (unk. ctxt): mov word ptr ds:[rip+31902], dx ; 6689159e7c0000
(0).[35995268] [0x000000008bc8] 0010:0000000000008bc8 (unk. ctxt): mov rdx, rax              ; 4889c2
(0).[35995269] [0x000000008bcb] 0010:0000000000008bcb (unk. ctxt): mov word ptr ds:[rip+31902], ax ; 6689059e7c0000
(0).[35995270] [0x000000008bd2] 0010:0000000000008bd2 (unk. ctxt): shr rax, 0x20             ; 48c1e820
(0).[35995271] [0x000000008bd6] 0010:0000000000008bd6 (unk. ctxt): shr rdx, 0x10             ; 48c1ea10
(0).[35995272] [0x000000008bda] 0010:0000000000008bda (unk. ctxt): mov dword ptr ds:[rip+31896], eax ; 8905987c0000
(0).[35995273] [0x000000008be0] 0010:0000000000008be0 (unk. ctxt): mov eax, 0x000084ca       ; b8ca840000
(0).[35995274] [0x000000008be5] 0010:0000000000008be5 (unk. ctxt): mov word ptr ds:[rip+31882], dx ; 6689158a7c0000
(0).[35995275] [0x000000008bec] 0010:0000000000008bec (unk. ctxt): mov rdx, rax              ; 4889c2
(0).[35995276] [0x000000008bef] 0010:0000000000008bef (unk. ctxt): mov word ptr ds:[rip+31882], ax ; 6689058a7c0000
(0).[35995277] [0x000000008bf6] 0010:0000000000008bf6 (unk. ctxt): shr rax, 0x20             ; 48c1e820
(0).[35995278] [0x000000008bfa] 0010:0000000000008bfa (unk. ctxt): shr rdx, 0x10             ; 48c1ea10
(0).[35995279] [0x000000008bfe] 0010:0000000000008bfe (unk. ctxt): mov dword ptr ds:[rip+31876], eax ; 8905847c0000
(0).[35995280] [0x000000008c04] 0010:0000000000008c04 (unk. ctxt): mov eax, 0x000084df       ; b8df840000
(0).[35995281] [0x000000008c09] 0010:0000000000008c09 (unk. ctxt): mov word ptr ds:[rip+31862], dx ; 668915767c0000
(0).[35995282] [0x000000008c10] 0010:0000000000008c10 (unk. ctxt): mov rdx, rax              ; 4889c2
(0).[35995283] [0x000000008c13] 0010:0000000000008c13 (unk. ctxt): mov word ptr ds:[rip+31862], ax ; 668905767c0000
(0).[35995284] [0x000000008c1a] 0010:0000000000008c1a (unk. ctxt): shr rax, 0x20             ; 48c1e820
(0).[35995285] [0x000000008c1e] 0010:0000000000008c1e (unk. ctxt): shr rdx, 0x10             ; 48c1ea10
(0).[35995286] [0x000000008c22] 0010:0000000000008c22 (unk. ctxt): mov dword ptr ds:[rip+31856], eax ; 8905707c0000
(0).[35995287] [0x000000008c28] 0010:0000000000008c28 (unk. ctxt): mov eax, 0x000084f4       ; b8f4840000
(0).[35995288] [0x000000008c2d] 0010:0000000000008c2d (unk. ctxt): mov word ptr ds:[rip+31842], dx ; 668915627c0000
(0).[35995289] [0x000000008c34] 0010:0000000000008c34 (unk. ctxt): mov rdx, rax              ; 4889c2
(0).[35995290] [0x000000008c37] 0010:0000000000008c37 (unk. ctxt): mov word ptr ds:[rip+31842], ax ; 668905627c0000
(0).[35995291] [0x000000008c3e] 0010:0000000000008c3e (unk. ctxt): shr rax, 0x20             ; 48c1e820
(0).[35995292] [0x000000008c42] 0010:0000000000008c42 (unk. ctxt): shr rdx, 0x10             ; 48c1ea10
(0).[35995293] [0x000000008c46] 0010:0000000000008c46 (unk. ctxt): mov dword ptr ds:[rip+31836], eax ; 89055c7c0000
(0).[35995294] [0x000000008c4c] 0010:0000000000008c4c (unk. ctxt): mov eax, 0x00008509       ; b809850000
(0).[35995295] [0x000000008c51] 0010:0000000000008c51 (unk. ctxt): mov word ptr ds:[rip+31822], dx ; 6689154e7c0000
(0).[35995296] [0x000000008c58] 0010:0000000000008c58 (unk. ctxt): mov rdx, rax              ; 4889c2
(0).[35995297] [0x000000008c5b] 0010:0000000000008c5b (unk. ctxt): mov dword ptr ds:[rip+31719], 0x00000000 ; c705e77b000000000000
(0).[35995298] [0x000000008c65] 0010:0000000000008c65 (unk. ctxt): shr rdx, 0x10             ; 48c1ea10
(0).[35995299] [0x000000008c69] 0010:0000000000008c69 (unk. ctxt): mov dword ptr ds:[rip+31711], 0x8e000010 ; c705df7b00001000008e
(0).[35995300] [0x000000008c73] 0010:0000000000008c73 (unk. ctxt): mov dword ptr ds:[rip+31711], 0x00000000 ; c705df7b000000000000
(0).[35995301] [0x000000008c7d] 0010:0000000000008c7d (unk. ctxt): mov dword ptr ds:[rip+31717], 0x00000000 ; c705e57b000000000000
(0).[35995302] [0x000000008c87] 0010:0000000000008c87 (unk. ctxt): mov dword ptr ds:[rip+31713], 0x8e000010 ; c705e17b00001000008e
(0).[35995303] [0x000000008c91] 0010:0000000000008c91 (unk. ctxt): mov dword ptr ds:[rip+31713], 0x00000000 ; c705e17b000000000000
(0).[35995304] [0x000000008c9b] 0010:0000000000008c9b (unk. ctxt): mov dword ptr ds:[rip+31709], 0x8e000010 ; c705dd7b00001000008e
(0).[35995305] [0x000000008ca5] 0010:0000000000008ca5 (unk. ctxt): mov dword ptr ds:[rip+31709], 0x00000000 ; c705dd7b000000000000
(0).[35995306] [0x000000008caf] 0010:0000000000008caf (unk. ctxt): mov dword ptr ds:[rip+31705], 0x8e000010 ; c705d97b00001000008e
(0).[35995307] [0x000000008cb9] 0010:0000000000008cb9 (unk. ctxt): mov dword ptr ds:[rip+31705], 0x00000000 ; c705d97b000000000000
(0).[35995308] [0x000000008cc3] 0010:0000000000008cc3 (unk. ctxt): mov dword ptr ds:[rip+31701], 0x8e000010 ; c705d57b00001000008e
(0).[35995309] [0x000000008ccd] 0010:0000000000008ccd (unk. ctxt): mov dword ptr ds:[rip+31701], 0x00000000 ; c705d57b000000000000
(0).[35995310] [0x000000008cd7] 0010:0000000000008cd7 (unk. ctxt): mov word ptr ds:[rip+31698], ax ; 668905d27b0000
(0).[35995311] [0x000000008cde] 0010:0000000000008cde (unk. ctxt): shr rax, 0x20             ; 48c1e820
(0).[35995312] [0x000000008ce2] 0010:0000000000008ce2 (unk. ctxt): mov dword ptr ds:[rip+31696], eax ; 8905d07b0000
(0).[35995313] [0x000000008ce8] 0010:0000000000008ce8 (unk. ctxt): mov eax, 0x0000851e       ; b81e850000
(0).[35995314] [0x000000008ced] 0010:0000000000008ced (unk. ctxt): mov word ptr ds:[rip+31682], dx ; 668915c27b0000
(0).[35995315] [0x000000008cf4] 0010:0000000000008cf4 (unk. ctxt): mov rdx, rax              ; 4889c2
(0).[35995316] [0x000000008cf7] 0010:0000000000008cf7 (unk. ctxt): mov word ptr ds:[rip+31682], ax ; 668905c27b0000
(0).[35995317] [0x000000008cfe] 0010:0000000000008cfe (unk. ctxt): shr rax, 0x20             ; 48c1e820
(0).[35995318] [0x000000008d02] 0010:0000000000008d02 (unk. ctxt): shr rdx, 0x10             ; 48c1ea10
(0).[35995319] [0x000000008d06] 0010:0000000000008d06 (unk. ctxt): mov dword ptr ds:[rip+31676], eax ; 8905bc7b0000
(0).[35995320] [0x000000008d0c] 0010:0000000000008d0c (unk. ctxt): mov eax, 0x00008533       ; b833850000
(0).[35995321] [0x000000008d11] 0010:0000000000008d11 (unk. ctxt): mov word ptr ds:[rip+31662], dx ; 668915ae7b0000
(0).[35995322] [0x000000008d18] 0010:0000000000008d18 (unk. ctxt): mov rdx, rax              ; 4889c2
(0).[35995323] [0x000000008d1b] 0010:0000000000008d1b (unk. ctxt): mov word ptr ds:[rip+31662], ax ; 668905ae7b0000
(0).[35995324] [0x000000008d22] 0010:0000000000008d22 (unk. ctxt): shr rax, 0x20             ; 48c1e820
(0).[35995325] [0x000000008d26] 0010:0000000000008d26 (unk. ctxt): shr rdx, 0x10             ; 48c1ea10
(0).[35995326] [0x000000008d2a] 0010:0000000000008d2a (unk. ctxt): mov dword ptr ds:[rip+31656], eax ; 8905a87b0000
(0).[35995327] [0x000000008d30] 0010:0000000000008d30 (unk. ctxt): mov eax, 0x00008548       ; b848850000
(0).[35995328] [0x000000008d35] 0010:0000000000008d35 (unk. ctxt): mov word ptr ds:[rip+31642], dx ; 6689159a7b0000
(0).[35995329] [0x000000008d3c] 0010:0000000000008d3c (unk. ctxt): mov rdx, rax              ; 4889c2
(0).[35995330] [0x000000008d3f] 0010:0000000000008d3f (unk. ctxt): mov word ptr ds:[rip+31642], ax ; 6689059a7b0000
(0).[35995331] [0x000000008d46] 0010:0000000000008d46 (unk. ctxt): shr rax, 0x20             ; 48c1e820
(0).[35995332] [0x000000008d4a] 0010:0000000000008d4a (unk. ctxt): shr rdx, 0x10             ; 48c1ea10
(0).[35995333] [0x000000008d4e] 0010:0000000000008d4e (unk. ctxt): mov dword ptr ds:[rip+31636], eax ; 8905947b0000
(0).[35995334] [0x000000008d54] 0010:0000000000008d54 (unk. ctxt): mov eax, 0x0000855d       ; b85d850000
(0).[35995335] [0x000000008d59] 0010:0000000000008d59 (unk. ctxt): mov word ptr ds:[rip+31622], dx ; 668915867b0000
(0).[35995336] [0x000000008d60] 0010:0000000000008d60 (unk. ctxt): mov rdx, rax              ; 4889c2
(0).[35995337] [0x000000008d63] 0010:0000000000008d63 (unk. ctxt): mov word ptr ds:[rip+31622], ax ; 668905867b0000
(0).[35995338] [0x000000008d6a] 0010:0000000000008d6a (unk. ctxt): shr rax, 0x20             ; 48c1e820
(0).[35995339] [0x000000008d6e] 0010:0000000000008d6e (unk. ctxt): shr rdx, 0x10             ; 48c1ea10
(0).[35995340] [0x000000008d72] 0010:0000000000008d72 (unk. ctxt): mov dword ptr ds:[rip+31616], eax ; 8905807b0000
(0).[35995341] [0x000000008d78] 0010:0000000000008d78 (unk. ctxt): mov eax, 0x00008573       ; b873850000
(0).[35995342] [0x000000008d7d] 0010:0000000000008d7d (unk. ctxt): mov word ptr ds:[rip+31602], dx ; 668915727b0000
(0).[35995343] [0x000000008d84] 0010:0000000000008d84 (unk. ctxt): mov rdx, rax              ; 4889c2
(0).[35995344] [0x000000008d87] 0010:0000000000008d87 (unk. ctxt): mov word ptr ds:[rip+31602], ax ; 668905727b0000
(0).[35995345] [0x000000008d8e] 0010:0000000000008d8e (unk. ctxt): shr rax, 0x20             ; 48c1e820
(0).[35995346] [0x000000008d92] 0010:0000000000008d92 (unk. ctxt): shr rdx, 0x10             ; 48c1ea10
(0).[35995347] [0x000000008d96] 0010:0000000000008d96 (unk. ctxt): mov dword ptr ds:[rip+31596], eax ; 89056c7b0000
(0).[35995348] [0x000000008d9c] 0010:0000000000008d9c (unk. ctxt): mov eax, 0x00008588       ; b888850000
(0).[35995349] [0x000000008da1] 0010:0000000000008da1 (unk. ctxt): mov word ptr ds:[rip+31582], dx ; 6689155e7b0000
(0).[35995350] [0x000000008da8] 0010:0000000000008da8 (unk. ctxt): mov rdx, rax              ; 4889c2
(0).[35995351] [0x000000008dab] 0010:0000000000008dab (unk. ctxt): shr rdx, 0x10             ; 48c1ea10
(0).[35995352] [0x000000008daf] 0010:0000000000008daf (unk. ctxt): mov word ptr ds:[rip+31578], ax ; 6689055a7b0000
(0).[35995353] [0x000000008db6] 0010:0000000000008db6 (unk. ctxt): shr rax, 0x20             ; 48c1e820
(0).[35995354] [0x000000008dba] 0010:0000000000008dba (unk. ctxt): mov dword ptr ds:[rip+31470], 0x8e000010 ; c705ee7a00001000008e
(0).[35995355] [0x000000008dc4] 0010:0000000000008dc4 (unk. ctxt): mov dword ptr ds:[rip+31470], 0x00000000 ; c705ee7a000000000000
(0).[35995356] [0x000000008dce] 0010:0000000000008dce (unk. ctxt): mov dword ptr ds:[rip+31466], 0x8e000010 ; c705ea7a00001000008e
(0).[35995357] [0x000000008dd8] 0010:0000000000008dd8 (unk. ctxt): mov dword ptr ds:[rip+31466], 0x00000000 ; c705ea7a000000000000
(0).[35995358] [0x000000008de2] 0010:0000000000008de2 (unk. ctxt): mov dword ptr ds:[rip+31462], 0x8e000010 ; c705e67a00001000008e
(0).[35995359] [0x000000008dec] 0010:0000000000008dec (unk. ctxt): mov dword ptr ds:[rip+31462], 0x00000000 ; c705e67a000000000000
(0).[35995360] [0x000000008df6] 0010:0000000000008df6 (unk. ctxt): mov dword ptr ds:[rip+31458], 0x8e000010 ; c705e27a00001000008e
(0).[35995361] [0x000000008e00] 0010:0000000000008e00 (unk. ctxt): mov dword ptr ds:[rip+31458], 0x00000000 ; c705e27a000000000000
(0).[35995362] [0x000000008e0a] 0010:0000000000008e0a (unk. ctxt): mov dword ptr ds:[rip+31454], 0x8e000010 ; c705de7a00001000008e
(0).[35995363] [0x000000008e14] 0010:0000000000008e14 (unk. ctxt): mov dword ptr ds:[rip+31454], 0x00000000 ; c705de7a000000000000
(0).[35995364] [0x000000008e1e] 0010:0000000000008e1e (unk. ctxt): mov dword ptr ds:[rip+31450], 0x8e000010 ; c705da7a00001000008e
(0).[35995365] [0x000000008e28] 0010:0000000000008e28 (unk. ctxt): mov dword ptr ds:[rip+31450], 0x00000000 ; c705da7a000000000000
(0).[35995366] [0x000000008e32] 0010:0000000000008e32 (unk. ctxt): mov dword ptr ds:[rip+31446], 0x8e000010 ; c705d67a00001000008e
(0).[35995367] [0x000000008e3c] 0010:0000000000008e3c (unk. ctxt): mov word ptr ds:[rip+31443], dx ; 668915d37a0000
(0).[35995368] [0x000000008e43] 0010:0000000000008e43 (unk. ctxt): mov dword ptr ds:[rip+31439], eax ; 8905cf7a0000
(0).[35995369] [0x000000008e49] 0010:0000000000008e49 (unk. ctxt): mov eax, 0x00008596       ; b896850000
(0).[35995370] [0x000000008e4e] 0010:0000000000008e4e (unk. ctxt): mov word ptr ds:[rip+31435], ax ; 668905cb7a0000
(0).[35995371] [0x000000008e55] 0010:0000000000008e55 (unk. ctxt): mov rdx, rax              ; 4889c2
(0).[35995372] [0x000000008e58] 0010:0000000000008e58 (unk. ctxt): shr rax, 0x20             ; 48c1e820
(0).[35995373] [0x000000008e5c] 0010:0000000000008e5c (unk. ctxt): shr rdx, 0x10             ; 48c1ea10
(0).[35995374] [0x000000008e60] 0010:0000000000008e60 (unk. ctxt): mov dword ptr ds:[rip+31426], eax ; 8905c27a0000
(0).[35995375] [0x000000008e66] 0010:0000000000008e66 (unk. ctxt): mov eax, 0x000085a4       ; b8a4850000
(0).[35995376] [0x000000008e6b] 0010:0000000000008e6b (unk. ctxt): mov word ptr ds:[rip+31412], dx ; 668915b47a0000
(0).[35995377] [0x000000008e72] 0010:0000000000008e72 (unk. ctxt): mov rdx, rax              ; 4889c2
(0).[35995378] [0x000000008e75] 0010:0000000000008e75 (unk. ctxt): mov word ptr ds:[rip+31412], ax ; 668905b47a0000
(0).[35995379] [0x000000008e7c] 0010:0000000000008e7c (unk. ctxt): shr rax, 0x20             ; 48c1e820
(0).[35995380] [0x000000008e80] 0010:0000000000008e80 (unk. ctxt): shr rdx, 0x10             ; 48c1ea10
(0).[35995381] [0x000000008e84] 0010:0000000000008e84 (unk. ctxt): mov dword ptr ds:[rip+31406], eax ; 8905ae7a0000
(0).[35995382] [0x000000008e8a] 0010:0000000000008e8a (unk. ctxt): mov eax, 0x000085b2       ; b8b2850000
(0).[35995383] [0x000000008e8f] 0010:0000000000008e8f (unk. ctxt): mov word ptr ds:[rip+31392], dx ; 668915a07a0000
(0).[35995384] [0x000000008e96] 0010:0000000000008e96 (unk. ctxt): mov rdx, rax              ; 4889c2
(0).[35995385] [0x000000008e99] 0010:0000000000008e99 (unk. ctxt): mov word ptr ds:[rip+31392], ax ; 668905a07a0000
(0).[35995386] [0x000000008ea0] 0010:0000000000008ea0 (unk. ctxt): shr rax, 0x20             ; 48c1e820
(0).[35995387] [0x000000008ea4] 0010:0000000000008ea4 (unk. ctxt): shr rdx, 0x10             ; 48c1ea10
(0).[35995388] [0x000000008ea8] 0010:0000000000008ea8 (unk. ctxt): mov dword ptr ds:[rip+31386], eax ; 89059a7a0000
(0).[35995389] [0x000000008eae] 0010:0000000000008eae (unk. ctxt): mov eax, 0x000085c0       ; b8c0850000
(0).[35995390] [0x000000008eb3] 0010:0000000000008eb3 (unk. ctxt): mov word ptr ds:[rip+31372], dx ; 6689158c7a0000
(0).[35995391] [0x000000008eba] 0010:0000000000008eba (unk. ctxt): mov rdx, rax              ; 4889c2
(0).[35995392] [0x000000008ebd] 0010:0000000000008ebd (unk. ctxt): mov word ptr ds:[rip+31372], ax ; 6689058c7a0000
(0).[35995393] [0x000000008ec4] 0010:0000000000008ec4 (unk. ctxt): shr rax, 0x20             ; 48c1e820
(0).[35995394] [0x000000008ec8] 0010:0000000000008ec8 (unk. ctxt): shr rdx, 0x10             ; 48c1ea10
(0).[35995395] [0x000000008ecc] 0010:0000000000008ecc (unk. ctxt): mov dword ptr ds:[rip+31366], eax ; 8905867a0000
(0).[35995396] [0x000000008ed2] 0010:0000000000008ed2 (unk. ctxt): mov eax, 0x000085ce       ; b8ce850000
(0).[35995397] [0x000000008ed7] 0010:0000000000008ed7 (unk. ctxt): mov word ptr ds:[rip+31352], dx ; 668915787a0000
(0).[35995398] [0x000000008ede] 0010:0000000000008ede (unk. ctxt): mov rdx, rax              ; 4889c2
(0).[35995399] [0x000000008ee1] 0010:0000000000008ee1 (unk. ctxt): mov word ptr ds:[rip+31352], ax ; 668905787a0000
(0).[35995400] [0x000000008ee8] 0010:0000000000008ee8 (unk. ctxt): shr rax, 0x20             ; 48c1e820
(0).[35995401] [0x000000008eec] 0010:0000000000008eec (unk. ctxt): shr rdx, 0x10             ; 48c1ea10
(0).[35995402] [0x000000008ef0] 0010:0000000000008ef0 (unk. ctxt): mov dword ptr ds:[rip+31346], eax ; 8905727a0000
(0).[35995403] [0x000000008ef6] 0010:0000000000008ef6 (unk. ctxt): mov eax, 0x000085dc       ; b8dc850000
(0).[35995404] [0x000000008efb] 0010:0000000000008efb (unk. ctxt): mov word ptr ds:[rip+31332], dx ; 668915647a0000
(0).[35995405] [0x000000008f02] 0010:0000000000008f02 (unk. ctxt): mov rdx, rax              ; 4889c2
(0).[35995406] [0x000000008f05] 0010:0000000000008f05 (unk. ctxt): mov word ptr ds:[rip+31332], ax ; 668905647a0000
(0).[35995407] [0x000000008f0c] 0010:0000000000008f0c (unk. ctxt): shr rax, 0x20             ; 48c1e820
(0).[35995408] [0x000000008f10] 0010:0000000000008f10 (unk. ctxt): shr rdx, 0x10             ; 48c1ea10
(0).[35995409] [0x000000008f14] 0010:0000000000008f14 (unk. ctxt): mov dword ptr ds:[rip+31326], eax ; 89055e7a0000
(0).[35995410] [0x000000008f1a] 0010:0000000000008f1a (unk. ctxt): mov eax, 0x000085ea       ; b8ea850000
(0).[35995411] [0x000000008f1f] 0010:0000000000008f1f (unk. ctxt): mov word ptr ds:[rip+31312], dx ; 668915507a0000
(0).[35995412] [0x000000008f26] 0010:0000000000008f26 (unk. ctxt): mov rdx, rax              ; 4889c2
(0).[35995413] [0x000000008f29] 0010:0000000000008f29 (unk. ctxt): mov dword ptr ds:[rip+31209], 0x00000000 ; c705e979000000000000
(0).[35995414] [0x000000008f33] 0010:0000000000008f33 (unk. ctxt): shr rdx, 0x10             ; 48c1ea10
(0).[35995415] [0x000000008f37] 0010:0000000000008f37 (unk. ctxt): mov dword ptr ds:[rip+31201], 0x8e000010 ; c705e17900001000008e
(0).[35995416] [0x000000008f41] 0010:0000000000008f41 (unk. ctxt): mov dword ptr ds:[rip+31201], 0x00000000 ; c705e179000000000000
(0).[35995417] [0x000000008f4b] 0010:0000000000008f4b (unk. ctxt): mov dword ptr ds:[rip+31197], 0x8e000010 ; c705dd7900001000008e
(0).[35995418] [0x000000008f55] 0010:0000000000008f55 (unk. ctxt): mov dword ptr ds:[rip+31197], 0x00000000 ; c705dd79000000000000
(0).[35995419] [0x000000008f5f] 0010:0000000000008f5f (unk. ctxt): mov dword ptr ds:[rip+31193], 0x8e000010 ; c705d97900001000008e
(0).[35995420] [0x000000008f69] 0010:0000000000008f69 (unk. ctxt): mov dword ptr ds:[rip+31193], 0x00000000 ; c705d979000000000000
(0).[35995421] [0x000000008f73] 0010:0000000000008f73 (unk. ctxt): mov dword ptr ds:[rip+31189], 0x8e000010 ; c705d57900001000008e
(0).[35995422] [0x000000008f7d] 0010:0000000000008f7d (unk. ctxt): mov dword ptr ds:[rip+31189], 0x00000000 ; c705d579000000000000
(0).[35995423] [0x000000008f87] 0010:0000000000008f87 (unk. ctxt): mov dword ptr ds:[rip+31185], 0x8e000010 ; c705d17900001000008e
(0).[35995424] [0x000000008f91] 0010:0000000000008f91 (unk. ctxt): mov dword ptr ds:[rip+31185], 0x00000000 ; c705d179000000000000
(0).[35995425] [0x000000008f9b] 0010:0000000000008f9b (unk. ctxt): mov dword ptr ds:[rip+31181], 0x8e000010 ; c705cd7900001000008e
(0).[35995426] [0x000000008fa5] 0010:0000000000008fa5 (unk. ctxt): mov dword ptr ds:[rip+31181], 0x00000000 ; c705cd79000000000000
(0).[35995427] [0x000000008faf] 0010:0000000000008faf (unk. ctxt): mov word ptr ds:[rip+31178], ax ; 668905ca790000
(0).[35995428] [0x000000008fb6] 0010:0000000000008fb6 (unk. ctxt): shr rax, 0x20             ; 48c1e820
(0).[35995429] [0x000000008fba] 0010:0000000000008fba (unk. ctxt): mov dword ptr ds:[rip+31176], eax ; 8905c8790000
(0).[35995430] [0x000000008fc0] 0010:0000000000008fc0 (unk. ctxt): mov eax, 0x000085f8       ; b8f8850000
(0).[35995431] [0x000000008fc5] 0010:0000000000008fc5 (unk. ctxt): mov word ptr ds:[rip+31162], dx ; 668915ba790000
(0).[35995432] [0x000000008fcc] 0010:0000000000008fcc (unk. ctxt): mov rdx, rax              ; 4889c2
(0).[35995433] [0x000000008fcf] 0010:0000000000008fcf (unk. ctxt): mov word ptr ds:[rip+31162], ax ; 668905ba790000
(0).[35995434] [0x000000008fd6] 0010:0000000000008fd6 (unk. ctxt): shr rax, 0x20             ; 48c1e820
(0).[35995435] [0x000000008fda] 0010:0000000000008fda (unk. ctxt): shr rdx, 0x10             ; 48c1ea10
(0).[35995436] [0x000000008fde] 0010:0000000000008fde (unk. ctxt): mov dword ptr ds:[rip+31156], eax ; 8905b4790000
(0).[35995437] [0x000000008fe4] 0010:0000000000008fe4 (unk. ctxt): mov eax, 0x00008606       ; b806860000
(0).[35995438] [0x000000008fe9] 0010:0000000000008fe9 (unk. ctxt): mov word ptr ds:[rip+31142], dx ; 668915a6790000
(0).[35995439] [0x000000008ff0] 0010:0000000000008ff0 (unk. ctxt): mov rdx, rax              ; 4889c2
(0).[35995440] [0x000000008ff3] 0010:0000000000008ff3 (unk. ctxt): mov word ptr ds:[rip+31142], ax ; 668905a6790000
(0).[35995441] [0x000000008ffa] 0010:0000000000008ffa (unk. ctxt): shr rax, 0x20             ; 48c1e820
(0).[35995442] [0x000000008ffe] 0010:0000000000008ffe (unk. ctxt): shr rdx, 0x10             ; 48c1ea10
(0).[35995443] [0x000000009002] 0010:0000000000009002 (unk. ctxt): mov dword ptr ds:[rip+31136], eax ; 8905a0790000
(0).[35995444] [0x000000009008] 0010:0000000000009008 (unk. ctxt): mov eax, 0x00008614       ; b814860000
(0).[35995445] [0x00000000900d] 0010:000000000000900d (unk. ctxt): mov word ptr ds:[rip+31122], dx ; 66891592790000
(0).[35995446] [0x000000009014] 0010:0000000000009014 (unk. ctxt): mov rdx, rax              ; 4889c2
(0).[35995447] [0x000000009017] 0010:0000000000009017 (unk. ctxt): mov word ptr ds:[rip+31122], ax ; 66890592790000
(0).[35995448] [0x00000000901e] 0010:000000000000901e (unk. ctxt): shr rax, 0x20             ; 48c1e820
(0).[35995449] [0x000000009022] 0010:0000000000009022 (unk. ctxt): shr rdx, 0x10             ; 48c1ea10
(0).[35995450] [0x000000009026] 0010:0000000000009026 (unk. ctxt): mov dword ptr ds:[rip+31116], eax ; 89058c790000
(0).[35995451] [0x00000000902c] 0010:000000000000902c (unk. ctxt): mov eax, 0x00008622       ; b822860000
(0).[35995452] [0x000000009031] 0010:0000000000009031 (unk. ctxt): mov word ptr ds:[rip+31102], dx ; 6689157e790000
(0).[35995453] [0x000000009038] 0010:0000000000009038 (unk. ctxt): mov rdx, rax              ; 4889c2
(0).[35995454] [0x00000000903b] 0010:000000000000903b (unk. ctxt): mov word ptr ds:[rip+31102], ax ; 6689057e790000
(0).[35995455] [0x000000009042] 0010:0000000000009042 (unk. ctxt): shr rax, 0x20             ; 48c1e820
(0).[35995456] [0x000000009046] 0010:0000000000009046 (unk. ctxt): shr rdx, 0x10             ; 48c1ea10
(0).[35995457] [0x00000000904a] 0010:000000000000904a (unk. ctxt): mov dword ptr ds:[rip+31096], eax ; 890578790000
(0).[35995458] [0x000000009050] 0010:0000000000009050 (unk. ctxt): mov eax, 0x00008630       ; b830860000
(0).[35995459] [0x000000009055] 0010:0000000000009055 (unk. ctxt): mov word ptr ds:[rip+31082], dx ; 6689156a790000
(0).[35995460] [0x00000000905c] 0010:000000000000905c (unk. ctxt): mov rdx, rax              ; 4889c2
(0).[35995461] [0x00000000905f] 0010:000000000000905f (unk. ctxt): mov word ptr ds:[rip+31082], ax ; 6689056a790000
(0).[35995462] [0x000000009066] 0010:0000000000009066 (unk. ctxt): shr rax, 0x20             ; 48c1e820
(0).[35995463] [0x00000000906a] 0010:000000000000906a (unk. ctxt): shr rdx, 0x10             ; 48c1ea10
(0).[35995464] [0x00000000906e] 0010:000000000000906e (unk. ctxt): mov dword ptr ds:[rip+31076], eax ; 890564790000
(0).[35995465] [0x000000009074] 0010:0000000000009074 (unk. ctxt): mov eax, 0x0000863e       ; b83e860000
(0).[35995466] [0x000000009079] 0010:0000000000009079 (unk. ctxt): mov word ptr ds:[rip+31062], dx ; 66891556790000
(0).[35995467] [0x000000009080] 0010:0000000000009080 (unk. ctxt): mov rdx, rax              ; 4889c2
(0).[35995468] [0x000000009083] 0010:0000000000009083 (unk. ctxt): shr rdx, 0x10             ; 48c1ea10
(0).[35995469] [0x000000009087] 0010:0000000000009087 (unk. ctxt): mov word ptr ds:[rip+31058], ax ; 66890552790000
(0).[35995470] [0x00000000908e] 0010:000000000000908e (unk. ctxt): shr rax, 0x20             ; 48c1e820
(0).[35995471] [0x000000009092] 0010:0000000000009092 (unk. ctxt): mov word ptr ds:[rip+31053], dx ; 6689154d790000
(0).[35995472] [0x000000009099] 0010:0000000000009099 (unk. ctxt): mov dword ptr ds:[rip+30943], 0x8e000010 ; c705df7800001000008e
(0).[35995473] [0x0000000090a3] 0010:00000000000090a3 (unk. ctxt): mov dword ptr ds:[rip+30943], 0x00000000 ; c705df78000000000000
(0).[35995474] [0x0000000090ad] 0010:00000000000090ad (unk. ctxt): mov dword ptr ds:[rip+30939], 0x8e000010 ; c705db7800001000008e
(0).[35995475] [0x0000000090b7] 0010:00000000000090b7 (unk. ctxt): mov dword ptr ds:[rip+30939], 0x00000000 ; c705db78000000000000
(0).[35995476] [0x0000000090c1] 0010:00000000000090c1 (unk. ctxt): mov dword ptr ds:[rip+30935], 0x8e000010 ; c705d77800001000008e
(0).[35995477] [0x0000000090cb] 0010:00000000000090cb (unk. ctxt): mov dword ptr ds:[rip+30935], 0x00000000 ; c705d778000000000000
(0).[35995478] [0x0000000090d5] 0010:00000000000090d5 (unk. ctxt): mov dword ptr ds:[rip+30931], 0x8e000010 ; c705d37800001000008e
(0).[35995479] [0x0000000090df] 0010:00000000000090df (unk. ctxt): mov dword ptr ds:[rip+30931], 0x00000000 ; c705d378000000000000
(0).[35995480] [0x0000000090e9] 0010:00000000000090e9 (unk. ctxt): mov dword ptr ds:[rip+30927], 0x8e000010 ; c705cf7800001000008e
(0).[35995481] [0x0000000090f3] 0010:00000000000090f3 (unk. ctxt): mov dword ptr ds:[rip+30927], 0x00000000 ; c705cf78000000000000
(0).[35995482] [0x0000000090fd] 0010:00000000000090fd (unk. ctxt): mov dword ptr ds:[rip+30923], 0x8e000010 ; c705cb7800001000008e
(0).[35995483] [0x000000009107] 0010:0000000000009107 (unk. ctxt): mov dword ptr ds:[rip+30923], 0x00000000 ; c705cb78000000000000
(0).[35995484] [0x000000009111] 0010:0000000000009111 (unk. ctxt): mov dword ptr ds:[rip+30919], 0x8e000010 ; c705c77800001000008e
(0).[35995485] [0x00000000911b] 0010:000000000000911b (unk. ctxt): mov dword ptr ds:[rip+30919], eax ; 8905c7780000
(0).[35995486] [0x000000009121] 0010:0000000000009121 (unk. ctxt): mov eax, 0x0000864c       ; b84c860000
(0).[35995487] [0x000000009126] 0010:0000000000009126 (unk. ctxt): mov word ptr ds:[rip+30915], ax ; 668905c3780000
(0).[35995488] [0x00000000912d] 0010:000000000000912d (unk. ctxt): mov rdx, rax              ; 4889c2
(0).[35995489] [0x000000009130] 0010:0000000000009130 (unk. ctxt): shr rax, 0x20             ; 48c1e820
(0).[35995490] [0x000000009134] 0010:0000000000009134 (unk. ctxt): shr rdx, 0x10             ; 48c1ea10
(0).[35995491] [0x000000009138] 0010:0000000000009138 (unk. ctxt): mov dword ptr ds:[rip+30906], eax ; 8905ba780000
(0).[35995492] [0x00000000913e] 0010:000000000000913e (unk. ctxt): mov eax, 0x0000865a       ; b85a860000
(0).[35995493] [0x000000009143] 0010:0000000000009143 (unk. ctxt): mov word ptr ds:[rip+30892], dx ; 668915ac780000
(0).[35995494] [0x00000000914a] 0010:000000000000914a (unk. ctxt): mov rdx, rax              ; 4889c2
(0).[35995495] [0x00000000914d] 0010:000000000000914d (unk. ctxt): mov word ptr ds:[rip+30892], ax ; 668905ac780000
(0).[35995496] [0x000000009154] 0010:0000000000009154 (unk. ctxt): shr rax, 0x20             ; 48c1e820
(0).[35995497] [0x000000009158] 0010:0000000000009158 (unk. ctxt): shr rdx, 0x10             ; 48c1ea10
(0).[35995498] [0x00000000915c] 0010:000000000000915c (unk. ctxt): mov dword ptr ds:[rip+30886], eax ; 8905a6780000
(0).[35995499] [0x000000009162] 0010:0000000000009162 (unk. ctxt): mov eax, 0x0000b470       ; b870b40000
(0).[35995500] [0x000000009167] 0010:0000000000009167 (unk. ctxt): movq xmm0, rax            ; 66480f6ec0
CPU 0: Exception 0x06 - (#UD) undefined opcode occurred (error_code=0x0000)
CPU 0: Interrupt 0x06 occurred (error_code=0x0000)
CPU 0: Exception 0x0d - (#GP) general protection fault occurred (error_code=0x0033)
CPU 0: Interrupt 0x0d occurred (error_code=0x0033)
CPU 0: Exception 0x0d - (#GP) general protection fault occurred (error_code=0x006b)
CPU 0: Exception 0x08 - (#DF) double fault occurred (error_code=0x0000)
CPU 0: Interrupt 0x08 occurred (error_code=0x0000)
CPU 0: Exception 0x0d - (#GP) general protection fault occurred (error_code=0x0043)
(0).[35995500] [0x000000009167] 0010:0000000000009167 (unk. ctxt): movq xmm0, rax            ; 66480f6ec0
00035995500e[CPU0  ] interrupt(long mode): IDT entry extended attributes DWORD4 TYPE != 0
00035995500e[CPU0  ] interrupt(long mode): IDT entry extended attributes DWORD4 TYPE != 0
00035995500e[CPU0  ] interrupt(long mode): IDT entry extended attributes DWORD4 TYPE != 0
00035995500i[CPU0  ] CPU is in long mode (active)
00035995500i[CPU0  ] CS.mode = 64 bit
00035995500i[CPU0  ] SS.mode = 64 bit
00035995500i[CPU0  ] EFER   = 0x00000500
00035995500i[CPU0  ] | RAX=000000000000b470  RBX=000000000fe00083
00035995500i[CPU0  ] | RCX=00000000c0000080  RDX=0000000000000000
00035995500i[CPU0  ] | RSP=000000000bffffc0  RBP=000000000bffffe8
00035995500i[CPU0  ] | RSI=00000000000e0000  RDI=0000000000602400
00035995500i[CPU0  ] |  R8=0000000000000000   R9=0000000000000000
00035995500i[CPU0  ] | R10=0000000000000000  R11=0000000000000000
00035995500i[CPU0  ] | R12=0000000000000000  R13=0000000000000000
00035995500i[CPU0  ] | R14=0000000000000000  R15=0000000000000000
00035995500i[CPU0  ] | IOPL=0 id vip vif ac vm RF nt of df if tf sf ZF af PF CF
00035995500i[CPU0  ] | SEG sltr(index|ti|rpl)     base    limit G D
00035995500i[CPU0  ] |  CS:0010( 0002| 0|  0) 00000000 ffffffff 1 0
00035995500i[CPU0  ] |  DS:0018( 0003| 0|  0) 00000000 ffffffff 1 1
00035995500i[CPU0  ] |  SS:0018( 0003| 0|  0) 00000000 ffffffff 1 1
00035995500i[CPU0  ] |  ES:0018( 0003| 0|  0) 00000000 ffffffff 1 1
00035995500i[CPU0  ] |  FS:0018( 0003| 0|  0) 00000000 ffffffff 1 1
00035995500i[CPU0  ] |  GS:0018( 0003| 0|  0) 00000000 ffffffff 1 1
00035995500i[CPU0  ] |  MSR_FS_BASE:0000000000000000
00035995500i[CPU0  ] |  MSR_GS_BASE:0000000000000000
00035995500i[CPU0  ] | RIP=0000000000009167 (0000000000009167)
00035995500i[CPU0  ] | CR0=0xe0000011 CR2=0x0000000000000000
00035995500i[CPU0  ] | CR3=0x0000000000600000 CR4=0x00000020
00035995500p[CPU0  ] >>PANIC<< exception(): 3rd (13) exception with no resolution
CPU 0: HALTED
Next at t=35995501
(0) [0x000000009167] 0010:0000000000009167 (unk. ctxt): movq xmm0, rax            ; 66480f6ec0
<bochs:4> 00035995500e[CPU0  ] WARNING: Any simulation after this point is completely bogus !
